<?xml version="1.0" encoding="UTF-8"?>
<!-- Generated by org.testng.reporters.JUnitXMLReporter -->
<testsuite ignored="0" hostname="DESKTOP-88R09EB" failures="0" tests="2" name="Default test" time="0.276" errors="0" timestamp="2023-07-23T22:05:28 IST">
  <testcase classname="com.testng.dataproviders.SingleDataProviderTestNGTest" name="createUser" time="0.032"/>
  <testcase classname="com.testng.dataproviders.SingleDataProviderTestNGTest" name="updateUser" time="0.008"/>
</testsuite> <!-- Default test -->
