<?xml version="1.0" encoding="UTF-8"?>
<!-- Generated by org.testng.reporters.JUnitXMLReporter -->
<testsuite ignored="0" hostname="DESKTOP-88R09EB" failures="1" tests="4" name="Test" time="0.17" errors="0" timestamp="2023-08-31T22:53:28 IST">
  <testcase classname="com.testng.automaticretry.TestclassSample" name="RetryTest" time="0.024">
    <skipped/>
  </testcase> <!-- RetryTest -->
  <testcase classname="com.testng.automaticretry.TestclassSample" name="RetryTest" time="0.003">
    <skipped/>
  </testcase> <!-- RetryTest -->
  <testcase classname="com.testng.automaticretry.TestclassSample" name="RetryTest" time="0.006">
    <skipped/>
  </testcase> <!-- RetryTest -->
  <testcase classname="com.testng.automaticretry.TestclassSample" name="RetryTest" time="0.001">
    <failure type="java.lang.AssertionError" message="null">
      <![CDATA[java.lang.AssertionError: null
at com.testng.automaticretry.TestclassSample.RetryTest(TestclassSample.java:10)
at java.base/java.util.ArrayList.forEach(ArrayList.java:1511)
... Removed 29 stack frames]]>
    </failure>
  </testcase> <!-- RetryTest -->
</testsuite> <!-- Test -->
