<?xml version="1.0" encoding="UTF-8"?>
<!-- Generated by org.testng.reporters.JUnitXMLReporter -->
<testsuite ignored="0" hostname="DESKTOP-88R09EB" failures="0" tests="6" name="Test" time="0.246" errors="0" timestamp="2023-05-16T22:48:26 IST">
  <testcase classname="com.testng.ignore.IgnoreTest1" name="test1" time="0.029"/>
  <testcase classname="com.testng.ignore.IgnoreTest1" name="test2" time="0.003"/>
  <testcase classname="com.testng.ignore.IgnoreTest1" name="test3" time="0.004"/>
  <testcase classname="com.testng.ignore.IgnoreTest2" name="test4" time="0.005"/>
  <testcase classname="com.testng.ignore.IgnoreTest2" name="test5" time="0.008"/>
  <testcase classname="com.testng.ignore.IgnoreTest2" name="test6" time="0.012"/>
</testsuite> <!-- Test -->
