<?xml version="1.0" encoding="UTF-8"?>
<!-- Generated by org.testng.reporters.JUnitXMLReporter -->
<testsuite ignored="1" hostname="DESKTOP-88R09EB" failures="0" tests="1" name="Test(failed)" time="8.81" errors="0" timestamp="2023-04-06T15:50:16 IST">
  <testcase classname="com.testngconcepts.TestNGReports" name="loginButtonDisplayTest" time="0.106"/>
  <testcase classname="com.testngconcepts.TestNGReports" name="titleTest" time="0.0">
    <ignored/>
  </testcase> <!-- titleTest -->
</testsuite> <!-- Test(failed) -->
