<?xml version="1.0" encoding="UTF-8"?>
<testng-results ignored="0" total="2" passed="2" failed="0" skipped="0">
  <reporter-output>
  </reporter-output>
  <suite started-at="2023-08-13T12:58:06 IST" name="Suite" finished-at="2023-08-13T12:58:06 IST" duration-ms="164">
    <groups>
    </groups>
    <test started-at="2023-08-13T12:58:06 IST" name="Test" finished-at="2023-08-13T12:58:06 IST" duration-ms="164">
      <class name="com.testng.cmd.RunTestNGXMLFromCMD1">
        <test-method signature="runTestNGXMLFromCMD()[pri:0, instance:com.testng.cmd.RunTestNGXMLFromCMD1@13fd2ccd]" started-at="2023-08-13T12:58:06 IST" name="runTestNGXMLFromCMD" finished-at="2023-08-13T12:58:06 IST" duration-ms="15" status="PASS">
          <reporter-output>
          </reporter-output>
        </test-method> <!-- runTestNGXMLFromCMD -->
      </class> <!-- com.testng.cmd.RunTestNGXMLFromCMD1 -->
    </test> <!-- Test -->
  </suite> <!-- Suite -->
  <suite started-at="2023-08-13T12:58:06 IST" name="Suite (0)" finished-at="2023-08-13T12:58:06 IST" duration-ms="9">
    <groups>
    </groups>
    <test started-at="2023-08-13T12:58:06 IST" name="Test" finished-at="2023-08-13T12:58:06 IST" duration-ms="9">
      <class name="com.testng.cmd.RunTestNGXMLFromCMD2">
        <test-method signature="runTestNGXMLFromCMD()[pri:0, instance:com.testng.cmd.RunTestNGXMLFromCMD2@3e27ba32]" started-at="2023-08-13T12:58:06 IST" name="runTestNGXMLFromCMD" finished-at="2023-08-13T12:58:06 IST" duration-ms="2" status="PASS">
          <reporter-output>
          </reporter-output>
        </test-method> <!-- runTestNGXMLFromCMD -->
      </class> <!-- com.testng.cmd.RunTestNGXMLFromCMD2 -->
    </test> <!-- Test -->
  </suite> <!-- Suite (0) -->
</testng-results>
