<?xml version="1.0" encoding="UTF-8"?>
<testsuite xmlns:xsi="http://www.w3.org/2001/XMLSchema-instance" xsi:noNamespaceSchemaLocation="https://maven.apache.org/surefire/maven-surefire-plugin/xsd/surefire-test-report-3.0.xsd" version="3.0" name="TestSuite" time="3.3" tests="2" errors="0" skipped="0" failures="0">
  <properties>
[...]
</properties>
  <testcase name="runTestNGXMLFromCMD" classname="com.testng.cmd.RunTestNGXMLFromCMD1" time="0.019">
    <system-out><![CDATA[testng.xml file execution from command prompt 1
]]></system-out>
    <system-err><![CDATA[SLF4J: Failed to load class "org.slf4j.impl.StaticLoggerBinder".
SLF4J: Defaulting to no-operation (NOP) logger implementation
SLF4J: See http://www.slf4j.org/codes.html#StaticLoggerBinder for further details.
]]></system-err>
  </testcase>
  <testcase name="runTestNGXMLFromCMD" classname="com.testng.cmd.RunTestNGXMLFromCMD2" time="0.015">
    <system-out><![CDATA[testng.xml file execution from command prompt 2
]]></system-out>
  </testcase>
</testsuite>