<?xml version="1.0" encoding="UTF-8"?>
<testsuite name="Test"
           tests="2"
           failures="0"
           errors="0"
           skipped="0"
           time="0.055">
    <properties></properties>



            <testcase
                name="testOne"
                time="0.028"
                classname="com.test.yaml.YamlDemoTest">
            </testcase>
            <testcase
                name="testTwo"
                time="0.027"
                classname="com.test.yaml.YamlDemoTest">
            </testcase>
</testsuite>
