<?xml version="1.0" encoding="UTF-8"?>
<testsuite name="Test"
           tests="2"
           failures="0"
           errors="0"
           skipped="0"
           time="0.038">
    <properties></properties>



            <testcase
                name="testOne"
                time="0.032"
                classname="com.test.yaml.RunTestNGSuiteUsingYamlFile">
            </testcase>
            <testcase
                name="testTwo"
                time="0.006"
                classname="com.test.yaml.RunTestNGSuiteUsingYamlFile">
            </testcase>
</testsuite>
