<?xml version="1.0" encoding="UTF-8"?>
<testsuite name="Test"
           tests="2"
           failures="0"
           errors="0"
           skipped="0"
           time="0.022">
    <properties></properties>



            <testcase
                name="firstTestCase"
                time="0.011"
                classname="com.testng.preserve.ClassThree">
            </testcase>
            <testcase
                name="secondTestCase"
                time="0.011"
                classname="com.testng.preserve.ClassThree">
            </testcase>
</testsuite>
