<?xml version="1.0" encoding="UTF-8"?>
<testsuite name="Test"
           tests="2"
           failures="0"
           errors="0"
           skipped="0"
           time="10.673">
    <properties></properties>



            <testcase
                name="googleLoadingTest"
                time="7.070"
                classname="com.testng.timeout.TestNGTimeoutDemo">
            </testcase>
            <testcase
                name="swagLabsLoadingTest"
                time="3.603"
                classname="com.testng.timeout.TestNGTimeoutDemo">
            </testcase>
</testsuite>
