<?xml version="1.0" encoding="UTF-8"?>
<testsuite name="Test"
           tests="2"
           failures="0"
           errors="0"
           skipped="0"
           time="0.038">
    <properties></properties>



            <testcase
                name="testFour"
                time="0.027"
                classname="com.tests.yaml.YamlDemoTest2">
            </testcase>
            <testcase
                name="testThree"
                time="0.011"
                classname="com.tests.yaml.YamlDemoTest2">
            </testcase>
</testsuite>
