<?xml version="1.0" encoding="UTF-8"?>
<testng-results ignored="0" total="1" passed="1" failed="0" skipped="0">
  <reporter-output>
  </reporter-output>
  <suite started-at="2023-08-13T12:18:33 IST" name="Suite" finished-at="2023-08-13T12:18:33 IST" duration-ms="163">
    <groups>
    </groups>
    <test started-at="2023-08-13T12:18:33 IST" name="Test" finished-at="2023-08-13T12:18:33 IST" duration-ms="163">
      <class name="com.testng.cmd.RunTestNGXMLFromCMD1">
        <test-method signature="runTestNGXMLFromCMD()[pri:0, instance:com.testng.cmd.RunTestNGXMLFromCMD1@8f2ef19]" started-at="2023-08-13T12:18:33 IST" name="runTestNGXMLFromCMD" finished-at="2023-08-13T12:18:33 IST" duration-ms="23" status="PASS">
          <reporter-output>
          </reporter-output>
        </test-method> <!-- runTestNGXMLFromCMD -->
      </class> <!-- com.testng.cmd.RunTestNGXMLFromCMD1 -->
    </test> <!-- Test -->
  </suite> <!-- Suite -->
</testng-results>
